<?xml version="1.0" encoding="UTF-8"?>
<!-- Generated by org.testng.reporters.JUnitXMLReporter -->
<testsuite hostname="LAPTOP-LVUL4EKB" ignored="0" name="Test" tests="5" failures="0" timestamp="04 Jun 2022 20:12:36 GMT" time="7.326" errors="0">
  <testcase name="test_getAllVideoGames" time="2.977" classname="testCases.TC_VideoGameAPI"/>
  <testcase name="test_addNewVideoGame" time="0.66" classname="testCases.TC_VideoGameAPI"/>
  <testcase name="test_getVideoGame" time="0.526" classname="testCases.TC_VideoGameAPI"/>
  <testcase name="test_updateVideoGame" time="0.077" classname="testCases.TC_VideoGameAPI"/>
  <testcase name="test_deleteVideoGame" time="3.04" classname="testCases.TC_VideoGameAPI"/>
</testsuite> <!-- Test -->
